# JRE version: OpenJDK Runtime Environment (8.0_242-b01) (build 1.8.0_242-release-1644-b01)
# Java VM: OpenJDK 64-Bit Server VM (25.242-b01 mixed mode windows-amd64 compressed oops)
Heap:
 PSYoungGen      total 137216K, used 45401K [0x00000000d9980000, 0x00000000e3400000, 0x0000000100000000)
  eden space 120832K, 24% used [0x00000000d9980000,0x00000000db5d8560,0x00000000e0f80000)
  from space 16384K, 99% used [0x00000000e2400000,0x00000000e33fe208,0x00000000e3400000)
  to   space 4608K, 0% used [0x00000000e0f80000,0x00000000e0f80000,0x00000000e1400000)
 ParOldGen       total 118784K, used 35295K [0x000000008cc00000, 0x0000000094000000, 0x00000000d9980000)
  object space 118784K, 29% used [0x000000008cc00000,0x000000008ee77c20,0x0000000094000000)
 Metaspace       used 48381K, capacity 49304K, committed 49408K, reserved 1091584K
  class space    used 6142K, capacity 6380K, committed 6400K, reserved 1048576K
GC Heap History (10 events):
Event: 2.822 GC heap before
{Heap before GC invocations=4 (full 1):
 PSYoungGen      total 65024K, used 4592K [0x00000000d9980000, 0x00000000e1880000, 0x0000000100000000)
  eden space 60416K, 0% used [0x00000000d9980000,0x00000000d9980000,0x00000000dd480000)
  from space 4608K, 99% used [0x00000000dd480000,0x00000000dd8fc010,0x00000000dd900000)
  to   space 4608K, 0% used [0x00000000e1400000,0x00000000e1400000,0x00000000e1880000)
 ParOldGen       total 79360K, used 12414K [0x000000008cc00000, 0x0000000091980000, 0x00000000d9980000)
  object space 79360K, 15% used [0x000000008cc00000,0x000000008d81f8a0,0x0000000091980000)
 Metaspace       used 20784K, capacity 21174K, committed 21296K, reserved 1069056K
  class space    used 2473K, capacity 2628K, committed 2688K, reserved 1048576K
Event: 2.894 GC heap after
Heap after GC invocations=4 (full 1):
 PSYoungGen      total 65024K, used 0K [0x00000000d9980000, 0x00000000e1880000, 0x0000000100000000)
  eden space 60416K, 0% used [0x00000000d9980000,0x00000000d9980000,0x00000000dd480000)
  from space 4608K, 0% used [0x00000000dd480000,0x00000000dd480000,0x00000000dd900000)
  to   space 4608K, 0% used [0x00000000e1400000,0x00000000e1400000,0x00000000e1880000)
 ParOldGen       total 64000K, used 9928K [0x000000008cc00000, 0x0000000090a80000, 0x00000000d9980000)
  object space 64000K, 15% used [0x000000008cc00000,0x000000008d5b2240,0x0000000090a80000)
 Metaspace       used 20784K, capacity 21174K, committed 21296K, reserved 1069056K
  class space    used 2473K, capacity 2628K, committed 2688K, reserved 1048576K
}
Event: 4.789 GC heap before
{Heap before GC invocations=5 (full 1):
 PSYoungGen      total 65024K, used 60416K [0x00000000d9980000, 0x00000000e1880000, 0x0000000100000000)
  eden space 60416K, 100% used [0x00000000d9980000,0x00000000dd480000,0x00000000dd480000)
  from space 4608K, 0% used [0x00000000dd480000,0x00000000dd480000,0x00000000dd900000)
  to   space 4608K, 0% used [0x00000000e1400000,0x00000000e1400000,0x00000000e1880000)
 ParOldGen       total 64000K, used 9928K [0x000000008cc00000, 0x0000000090a80000, 0x00000000d9980000)
  object space 64000K, 15% used [0x000000008cc00000,0x000000008d5b2240,0x0000000090a80000)
 Metaspace       used 28652K, capacity 29068K, committed 29312K, reserved 1075200K
  class space    used 3497K, capacity 3627K, committed 3712K, reserved 1048576K
Event: 4.835 GC heap after
Heap after GC invocations=5 (full 1):
 PSYoungGen      total 92160K, used 4579K [0x00000000d9980000, 0x00000000e1880000, 0x0000000100000000)
  eden space 87552K, 0% used [0x00000000d9980000,0x00000000d9980000,0x00000000def00000)
  from space 4608K, 99% used [0x00000000e1400000,0x00000000e1878c60,0x00000000e1880000)
  to   space 4608K, 0% used [0x00000000e0f80000,0x00000000e0f80000,0x00000000e1400000)
 ParOldGen       total 64000K, used 20356K [0x000000008cc00000, 0x0000000090a80000, 0x00000000d9980000)
  object space 64000K, 31% used [0x000000008cc00000,0x000000008dfe13c0,0x0000000090a80000)
 Metaspace       used 28652K, capacity 29068K, committed 29312K, reserved 1075200K
  class space    used 3497K, capacity 3627K, committed 3712K, reserved 1048576K
}
Event: 5.964 GC heap before
{Heap before GC invocations=6 (full 1):
 PSYoungGen      total 92160K, used 37336K [0x00000000d9980000, 0x00000000e1880000, 0x0000000100000000)
  eden space 87552K, 37% used [0x00000000d9980000,0x00000000db97d6e8,0x00000000def00000)
  from space 4608K, 99% used [0x00000000e1400000,0x00000000e1878c60,0x00000000e1880000)
  to   space 4608K, 0% used [0x00000000e0f80000,0x00000000e0f80000,0x00000000e1400000)
 ParOldGen       total 64000K, used 20356K [0x000000008cc00000, 0x0000000090a80000, 0x00000000d9980000)
  object space 64000K, 31% used [0x000000008cc00000,0x000000008dfe13c0,0x0000000090a80000)
 Metaspace       used 34805K, capacity 35330K, committed 35496K, reserved 1081344K
  class space    used 4433K, capacity 4585K, committed 4608K, reserved 1048576K
Event: 5.982 GC heap after
Heap after GC invocations=6 (full 1):
 PSYoungGen      total 125440K, used 4588K [0x00000000d9980000, 0x00000000e3400000, 0x0000000100000000)
  eden space 120832K, 0% used [0x00000000d9980000,0x00000000d9980000,0x00000000e0f80000)
  from space 4608K, 99% used [0x00000000e0f80000,0x00000000e13fb120,0x00000000e1400000)
  to   space 16384K, 0% used [0x00000000e2400000,0x00000000e2400000,0x00000000e3400000)
 ParOldGen       total 64000K, used 28652K [0x000000008cc00000, 0x0000000090a80000, 0x00000000d9980000)
  object space 64000K, 44% used [0x000000008cc00000,0x000000008e7fb208,0x0000000090a80000)
 Metaspace       used 34805K, capacity 35330K, committed 35496K, reserved 1081344K
  class space    used 4433K, capacity 4585K, committed 4608K, reserved 1048576K
}
Event: 5.982 GC heap before
{Heap before GC invocations=7 (full 2):
 PSYoungGen      total 125440K, used 4588K [0x00000000d9980000, 0x00000000e3400000, 0x0000000100000000)
  eden space 120832K, 0% used [0x00000000d9980000,0x00000000d9980000,0x00000000e0f80000)
  from space 4608K, 99% used [0x00000000e0f80000,0x00000000e13fb120,0x00000000e1400000)
  to   space 16384K, 0% used [0x00000000e2400000,0x00000000e2400000,0x00000000e3400000)
 ParOldGen       total 64000K, used 28652K [0x000000008cc00000, 0x0000000090a80000, 0x00000000d9980000)
  object space 64000K, 44% used [0x000000008cc00000,0x000000008e7fb208,0x0000000090a80000)
 Metaspace       used 34805K, capacity 35330K, committed 35496K, reserved 1081344K
  class space    used 4433K, capacity 4585K, committed 4608K, reserved 1048576K
Event: 6.128 GC heap after
Heap after GC invocations=7 (full 2):
 PSYoungGen      total 125440K, used 0K [0x00000000d9980000, 0x00000000e3400000, 0x0000000100000000)
  eden space 120832K, 0% used [0x00000000d9980000,0x00000000d9980000,0x00000000e0f80000)
  from space 4608K, 0% used [0x00000000e0f80000,0x00000000e0f80000,0x00000000e1400000)
  to   space 16384K, 0% used [0x00000000e2400000,0x00000000e2400000,0x00000000e3400000)
 ParOldGen       total 118784K, used 28222K [0x000000008cc00000, 0x0000000094000000, 0x00000000d9980000)
  object space 118784K, 23% used [0x000000008cc00000,0x000000008e78f928,0x0000000094000000)
 Metaspace       used 34805K, capacity 35330K, committed 35496K, reserved 1081344K
  class space    used 4433K, capacity 4585K, committed 4608K, reserved 1048576K
}
Event: 9.646 GC heap before
{Heap before GC invocations=8 (full 2):
 PSYoungGen      total 125440K, used 120832K [0x00000000d9980000, 0x00000000e3400000, 0x0000000100000000)
  eden space 120832K, 100% used [0x00000000d9980000,0x00000000e0f80000,0x00000000e0f80000)
  from space 4608K, 0% used [0x00000000e0f80000,0x00000000e0f80000,0x00000000e1400000)
  to   space 16384K, 0% used [0x00000000e2400000,0x00000000e2400000,0x00000000e3400000)
 ParOldGen       total 118784K, used 28222K [0x000000008cc00000, 0x0000000094000000, 0x00000000d9980000)
  object space 118784K, 23% used [0x000000008cc00000,0x000000008e78f928,0x0000000094000000)
 Metaspace       used 42345K, capacity 42992K, committed 43264K, reserved 1087488K
  class space    used 5200K, capacity 5368K, committed 5376K, reserved 1048576K
Event: 9.690 GC heap after
Heap after GC invocations=8 (full 2):
 PSYoungGen      total 137216K, used 16376K [0x00000000d9980000, 0x00000000e3400000, 0x0000000100000000)
  eden space 120832K, 0% used [0x00000000d9980000,0x00000000d9980000,0x00000000e0f80000)
  from space 16384K, 99% used [0x00000000e2400000,0x00000000e33fe208,0x00000000e3400000)
  to   space 4608K, 0% used [0x00000000e0f80000,0x00000000e0f80000,0x00000000e1400000)
 ParOldGen       total 118784K, used 35295K [0x000000008cc00000, 0x0000000094000000, 0x00000000d9980000)
  object space 118784K, 29% used [0x000000008cc00000,0x000000008ee77c20,0x0000000094000000)
 Metaspace       used 42345K, capacity 42992K, committed 43264K, reserved 1087488K
  class space    used 5200K, capacity 5368K, committed 5376K, reserved 1048576K
}

