# JRE version: OpenJDK Runtime Environment (8.0_242-b01) (build 1.8.0_242-release-1644-b01)
# Java VM: OpenJDK 64-Bit Server VM (25.242-b01 mixed mode windows-amd64 compressed oops)
Heap:
 PSYoungGen      total 137728K, used 36527K [0x00000000d9980000, 0x00000000e3100000, 0x0000000100000000)
  eden space 120832K, 16% used [0x00000000d9980000,0x00000000dacb2410,0x00000000e0f80000)
  from space 16896K, 99% used [0x00000000e2080000,0x00000000e30f9be8,0x00000000e3100000)
  to   space 4608K, 0% used [0x00000000e0f80000,0x00000000e0f80000,0x00000000e1400000)
 ParOldGen       total 64512K, used 33275K [0x000000008cc00000, 0x0000000090b00000, 0x00000000d9980000)
  object space 64512K, 51% used [0x000000008cc00000,0x000000008ec7ef20,0x0000000090b00000)
 Metaspace       used 47828K, capacity 48694K, committed 48896K, reserved 1091584K
  class space    used 6092K, capacity 6307K, committed 6400K, reserved 1048576K
GC Heap History (10 events):
Event: 2.704 GC heap before
{Heap before GC invocations=4 (full 1):
 PSYoungGen      total 65024K, used 4576K [0x00000000d9980000, 0x00000000e1880000, 0x0000000100000000)
  eden space 60416K, 0% used [0x00000000d9980000,0x00000000d9980000,0x00000000dd480000)
  from space 4608K, 99% used [0x00000000dd480000,0x00000000dd8f8020,0x00000000dd900000)
  to   space 4608K, 0% used [0x00000000e1400000,0x00000000e1400000,0x00000000e1880000)
 ParOldGen       total 79360K, used 12491K [0x000000008cc00000, 0x0000000091980000, 0x00000000d9980000)
  object space 79360K, 15% used [0x000000008cc00000,0x000000008d832f08,0x0000000091980000)
 Metaspace       used 20765K, capacity 21178K, committed 21296K, reserved 1069056K
  class space    used 2481K, capacity 2628K, committed 2688K, reserved 1048576K
Event: 2.774 GC heap after
Heap after GC invocations=4 (full 1):
 PSYoungGen      total 65024K, used 0K [0x00000000d9980000, 0x00000000e1880000, 0x0000000100000000)
  eden space 60416K, 0% used [0x00000000d9980000,0x00000000d9980000,0x00000000dd480000)
  from space 4608K, 0% used [0x00000000dd480000,0x00000000dd480000,0x00000000dd900000)
  to   space 4608K, 0% used [0x00000000e1400000,0x00000000e1400000,0x00000000e1880000)
 ParOldGen       total 64512K, used 9980K [0x000000008cc00000, 0x0000000090b00000, 0x00000000d9980000)
  object space 64512K, 15% used [0x000000008cc00000,0x000000008d5bf130,0x0000000090b00000)
 Metaspace       used 20765K, capacity 21178K, committed 21296K, reserved 1069056K
  class space    used 2481K, capacity 2628K, committed 2688K, reserved 1048576K
}
Event: 4.294 GC heap before
{Heap before GC invocations=5 (full 1):
 PSYoungGen      total 65024K, used 60416K [0x00000000d9980000, 0x00000000e1880000, 0x0000000100000000)
  eden space 60416K, 100% used [0x00000000d9980000,0x00000000dd480000,0x00000000dd480000)
  from space 4608K, 0% used [0x00000000dd480000,0x00000000dd480000,0x00000000dd900000)
  to   space 4608K, 0% used [0x00000000e1400000,0x00000000e1400000,0x00000000e1880000)
 ParOldGen       total 64512K, used 9980K [0x000000008cc00000, 0x0000000090b00000, 0x00000000d9980000)
  object space 64512K, 15% used [0x000000008cc00000,0x000000008d5bf130,0x0000000090b00000)
 Metaspace       used 28181K, capacity 28652K, committed 29056K, reserved 1075200K
  class space    used 3449K, capacity 3595K, committed 3712K, reserved 1048576K
Event: 4.314 GC heap after
Heap after GC invocations=5 (full 1):
 PSYoungGen      total 90112K, used 4579K [0x00000000d9980000, 0x00000000e1880000, 0x0000000100000000)
  eden space 85504K, 0% used [0x00000000d9980000,0x00000000d9980000,0x00000000ded00000)
  from space 4608K, 99% used [0x00000000e1400000,0x00000000e1878f78,0x00000000e1880000)
  to   space 4608K, 0% used [0x00000000e0f80000,0x00000000e0f80000,0x00000000e1400000)
 ParOldGen       total 64512K, used 19924K [0x000000008cc00000, 0x0000000090b00000, 0x00000000d9980000)
  object space 64512K, 30% used [0x000000008cc00000,0x000000008df753c0,0x0000000090b00000)
 Metaspace       used 28181K, capacity 28652K, committed 29056K, reserved 1075200K
  class space    used 3449K, capacity 3595K, committed 3712K, reserved 1048576K
}
Event: 5.533 GC heap before
{Heap before GC invocations=6 (full 1):
 PSYoungGen      total 90112K, used 40702K [0x00000000d9980000, 0x00000000e1880000, 0x0000000100000000)
  eden space 85504K, 42% used [0x00000000d9980000,0x00000000dbcc6b88,0x00000000ded00000)
  from space 4608K, 99% used [0x00000000e1400000,0x00000000e1878f78,0x00000000e1880000)
  to   space 4608K, 0% used [0x00000000e0f80000,0x00000000e0f80000,0x00000000e1400000)
 ParOldGen       total 64512K, used 19924K [0x000000008cc00000, 0x0000000090b00000, 0x00000000d9980000)
  object space 64512K, 30% used [0x000000008cc00000,0x000000008df753c0,0x0000000090b00000)
 Metaspace       used 34789K, capacity 35330K, committed 35496K, reserved 1081344K
  class space    used 4439K, capacity 4585K, committed 4608K, reserved 1048576K
Event: 5.556 GC heap after
Heap after GC invocations=6 (full 1):
 PSYoungGen      total 125440K, used 4588K [0x00000000d9980000, 0x00000000e3100000, 0x0000000100000000)
  eden space 120832K, 0% used [0x00000000d9980000,0x00000000d9980000,0x00000000e0f80000)
  from space 4608K, 99% used [0x00000000e0f80000,0x00000000e13fb140,0x00000000e1400000)
  to   space 16896K, 0% used [0x00000000e2080000,0x00000000e2080000,0x00000000e3100000)
 ParOldGen       total 64512K, used 28787K [0x000000008cc00000, 0x0000000090b00000, 0x00000000d9980000)
  object space 64512K, 44% used [0x000000008cc00000,0x000000008e81cd38,0x0000000090b00000)
 Metaspace       used 34789K, capacity 35330K, committed 35496K, reserved 1081344K
  class space    used 4439K, capacity 4585K, committed 4608K, reserved 1048576K
}
Event: 5.556 GC heap before
{Heap before GC invocations=7 (full 2):
 PSYoungGen      total 125440K, used 4588K [0x00000000d9980000, 0x00000000e3100000, 0x0000000100000000)
  eden space 120832K, 0% used [0x00000000d9980000,0x00000000d9980000,0x00000000e0f80000)
  from space 4608K, 99% used [0x00000000e0f80000,0x00000000e13fb140,0x00000000e1400000)
  to   space 16896K, 0% used [0x00000000e2080000,0x00000000e2080000,0x00000000e3100000)
 ParOldGen       total 64512K, used 28787K [0x000000008cc00000, 0x0000000090b00000, 0x00000000d9980000)
  object space 64512K, 44% used [0x000000008cc00000,0x000000008e81cd38,0x0000000090b00000)
 Metaspace       used 34789K, capacity 35330K, committed 35496K, reserved 1081344K
  class space    used 4439K, capacity 4585K, committed 4608K, reserved 1048576K
Event: 5.720 GC heap after
Heap after GC invocations=7 (full 2):
 PSYoungGen      total 125440K, used 0K [0x00000000d9980000, 0x00000000e3100000, 0x0000000100000000)
  eden space 120832K, 0% used [0x00000000d9980000,0x00000000d9980000,0x00000000e0f80000)
  from space 4608K, 0% used [0x00000000e0f80000,0x00000000e0f80000,0x00000000e1400000)
  to   space 16896K, 0% used [0x00000000e2080000,0x00000000e2080000,0x00000000e3100000)
 ParOldGen       total 64512K, used 26182K [0x000000008cc00000, 0x0000000090b00000, 0x00000000d9980000)
  object space 64512K, 40% used [0x000000008cc00000,0x000000008e591830,0x0000000090b00000)
 Metaspace       used 34789K, capacity 35330K, committed 35496K, reserved 1081344K
  class space    used 4439K, capacity 4585K, committed 4608K, reserved 1048576K
}
Event: 8.998 GC heap before
{Heap before GC invocations=8 (full 2):
 PSYoungGen      total 125440K, used 120832K [0x00000000d9980000, 0x00000000e3100000, 0x0000000100000000)
  eden space 120832K, 100% used [0x00000000d9980000,0x00000000e0f80000,0x00000000e0f80000)
  from space 4608K, 0% used [0x00000000e0f80000,0x00000000e0f80000,0x00000000e1400000)
  to   space 16896K, 0% used [0x00000000e2080000,0x00000000e2080000,0x00000000e3100000)
 ParOldGen       total 64512K, used 26182K [0x000000008cc00000, 0x0000000090b00000, 0x00000000d9980000)
  object space 64512K, 40% used [0x000000008cc00000,0x000000008e591830,0x0000000090b00000)
 Metaspace       used 43266K, capacity 43886K, committed 44160K, reserved 1087488K
  class space    used 5327K, capacity 5479K, committed 5504K, reserved 1048576K
Event: 9.045 GC heap after
Heap after GC invocations=8 (full 2):
 PSYoungGen      total 137728K, used 16870K [0x00000000d9980000, 0x00000000e3100000, 0x0000000100000000)
  eden space 120832K, 0% used [0x00000000d9980000,0x00000000d9980000,0x00000000e0f80000)
  from space 16896K, 99% used [0x00000000e2080000,0x00000000e30f9be8,0x00000000e3100000)
  to   space 4608K, 0% used [0x00000000e0f80000,0x00000000e0f80000,0x00000000e1400000)
 ParOldGen       total 64512K, used 33275K [0x000000008cc00000, 0x0000000090b00000, 0x00000000d9980000)
  object space 64512K, 51% used [0x000000008cc00000,0x000000008ec7ef20,0x0000000090b00000)
 Metaspace       used 43266K, capacity 43886K, committed 44160K, reserved 1087488K
  class space    used 5327K, capacity 5479K, committed 5504K, reserved 1048576K
}

