# JRE version: OpenJDK Runtime Environment (8.0_242-b01) (build 1.8.0_242-release-1644-b01)
# Java VM: OpenJDK 64-Bit Server VM (25.242-b01 mixed mode windows-amd64 compressed oops)
Heap:
 PSYoungGen      total 96256K, used 37048K [0x00000000d9980000, 0x00000000e2800000, 0x0000000100000000)
  eden space 77824K, 23% used [0x00000000d9980000,0x00000000dabafb68,0x00000000de580000)
  from space 18432K, 99% used [0x00000000de580000,0x00000000df77e7c0,0x00000000df780000)
  to   space 26112K, 0% used [0x00000000e0e80000,0x00000000e0e80000,0x00000000e2800000)
 ParOldGen       total 117248K, used 41777K [0x000000008cc00000, 0x0000000093e80000, 0x00000000d9980000)
  object space 117248K, 35% used [0x000000008cc00000,0x000000008f4cc618,0x0000000093e80000)
 Metaspace       used 56855K, capacity 57860K, committed 57984K, reserved 1101824K
  class space    used 6948K, capacity 7222K, committed 7296K, reserved 1048576K
GC Heap History (10 events):
Event: 7.328 GC heap before
{Heap before GC invocations=7 (full 1):
 PSYoungGen      total 64512K, used 26116K [0x00000000d9980000, 0x00000000df200000, 0x0000000100000000)
  eden space 59904K, 35% used [0x00000000d9980000,0x00000000dae88688,0x00000000dd400000)
  from space 4608K, 99% used [0x00000000dd480000,0x00000000dd8f8c70,0x00000000dd900000)
  to   space 15360K, 0% used [0x00000000de300000,0x00000000de300000,0x00000000df200000)
 ParOldGen       total 65536K, used 22960K [0x000000008cc00000, 0x0000000090c00000, 0x00000000d9980000)
  object space 65536K, 35% used [0x000000008cc00000,0x000000008e26c010,0x0000000090c00000)
 Metaspace       used 34798K, capacity 35330K, committed 35496K, reserved 1081344K
  class space    used 4434K, capacity 4585K, committed 4608K, reserved 1048576K
Event: 7.347 GC heap after
Heap after GC invocations=7 (full 1):
 PSYoungGen      total 75264K, used 10626K [0x00000000d9980000, 0x00000000e0b80000, 0x0000000100000000)
  eden space 59904K, 0% used [0x00000000d9980000,0x00000000d9980000,0x00000000dd400000)
  from space 15360K, 69% used [0x00000000de300000,0x00000000ded60b88,0x00000000df200000)
  to   space 15360K, 0% used [0x00000000dd400000,0x00000000dd400000,0x00000000de300000)
 ParOldGen       total 65536K, used 22968K [0x000000008cc00000, 0x0000000090c00000, 0x00000000d9980000)
  object space 65536K, 35% used [0x000000008cc00000,0x000000008e26e010,0x0000000090c00000)
 Metaspace       used 34798K, capacity 35330K, committed 35496K, reserved 1081344K
  class space    used 4434K, capacity 4585K, committed 4608K, reserved 1048576K
}
Event: 7.347 GC heap before
{Heap before GC invocations=8 (full 2):
 PSYoungGen      total 75264K, used 10626K [0x00000000d9980000, 0x00000000e0b80000, 0x0000000100000000)
  eden space 59904K, 0% used [0x00000000d9980000,0x00000000d9980000,0x00000000dd400000)
  from space 15360K, 69% used [0x00000000de300000,0x00000000ded60b88,0x00000000df200000)
  to   space 15360K, 0% used [0x00000000dd400000,0x00000000dd400000,0x00000000de300000)
 ParOldGen       total 65536K, used 22968K [0x000000008cc00000, 0x0000000090c00000, 0x00000000d9980000)
  object space 65536K, 35% used [0x000000008cc00000,0x000000008e26e010,0x0000000090c00000)
 Metaspace       used 34798K, capacity 35330K, committed 35496K, reserved 1081344K
  class space    used 4434K, capacity 4585K, committed 4608K, reserved 1048576K
Event: 7.519 GC heap after
Heap after GC invocations=8 (full 2):
 PSYoungGen      total 75264K, used 0K [0x00000000d9980000, 0x00000000e0b80000, 0x0000000100000000)
  eden space 59904K, 0% used [0x00000000d9980000,0x00000000d9980000,0x00000000dd400000)
  from space 15360K, 0% used [0x00000000de300000,0x00000000de300000,0x00000000df200000)
  to   space 15360K, 0% used [0x00000000dd400000,0x00000000dd400000,0x00000000de300000)
 ParOldGen       total 117248K, used 25466K [0x000000008cc00000, 0x0000000093e80000, 0x00000000d9980000)
  object space 117248K, 21% used [0x000000008cc00000,0x000000008e4de838,0x0000000093e80000)
 Metaspace       used 34798K, capacity 35330K, committed 35496K, reserved 1081344K
  class space    used 4434K, capacity 4585K, committed 4608K, reserved 1048576K
}
Event: 9.597 GC heap before
{Heap before GC invocations=9 (full 2):
 PSYoungGen      total 75264K, used 59904K [0x00000000d9980000, 0x00000000e0b80000, 0x0000000100000000)
  eden space 59904K, 100% used [0x00000000d9980000,0x00000000dd400000,0x00000000dd400000)
  from space 15360K, 0% used [0x00000000de300000,0x00000000de300000,0x00000000df200000)
  to   space 15360K, 0% used [0x00000000dd400000,0x00000000dd400000,0x00000000de300000)
 ParOldGen       total 117248K, used 25466K [0x000000008cc00000, 0x0000000093e80000, 0x00000000d9980000)
  object space 117248K, 21% used [0x000000008cc00000,0x000000008e4de838,0x0000000093e80000)
 Metaspace       used 38568K, capacity 39166K, committed 39424K, reserved 1083392K
  class space    used 4872K, capacity 5023K, committed 5120K, reserved 1048576K
Event: 9.632 GC heap after
Heap after GC invocations=9 (full 2):
 PSYoungGen      total 75264K, used 11352K [0x00000000d9980000, 0x00000000e0680000, 0x0000000100000000)
  eden space 59904K, 0% used [0x00000000d9980000,0x00000000d9980000,0x00000000dd400000)
  from space 15360K, 73% used [0x00000000dd400000,0x00000000ddf163b8,0x00000000de300000)
  to   space 15360K, 0% used [0x00000000df780000,0x00000000df780000,0x00000000e0680000)
 ParOldGen       total 117248K, used 25474K [0x000000008cc00000, 0x0000000093e80000, 0x00000000d9980000)
  object space 117248K, 21% used [0x000000008cc00000,0x000000008e4e0838,0x0000000093e80000)
 Metaspace       used 38568K, capacity 39166K, committed 39424K, reserved 1083392K
  class space    used 4872K, capacity 5023K, committed 5120K, reserved 1048576K
}
Event: 13.189 GC heap before
{Heap before GC invocations=10 (full 2):
 PSYoungGen      total 75264K, used 71256K [0x00000000d9980000, 0x00000000e0680000, 0x0000000100000000)
  eden space 59904K, 100% used [0x00000000d9980000,0x00000000dd400000,0x00000000dd400000)
  from space 15360K, 73% used [0x00000000dd400000,0x00000000ddf163b8,0x00000000de300000)
  to   space 15360K, 0% used [0x00000000df780000,0x00000000df780000,0x00000000e0680000)
 ParOldGen       total 117248K, used 25474K [0x000000008cc00000, 0x0000000093e80000, 0x00000000d9980000)
  object space 117248K, 21% used [0x000000008cc00000,0x000000008e4e0838,0x0000000093e80000)
 Metaspace       used 42898K, capacity 43538K, committed 43904K, reserved 1087488K
  class space    used 5248K, capacity 5401K, committed 5504K, reserved 1048576K
Event: 13.240 GC heap after
Heap after GC invocations=10 (full 2):
 PSYoungGen      total 93184K, used 15351K [0x00000000d9980000, 0x00000000e0b80000, 0x0000000100000000)
  eden space 77824K, 0% used [0x00000000d9980000,0x00000000d9980000,0x00000000de580000)
  from space 15360K, 99% used [0x00000000df780000,0x00000000e067dc00,0x00000000e0680000)
  to   space 18432K, 0% used [0x00000000de580000,0x00000000de580000,0x00000000df780000)
 ParOldGen       total 117248K, used 28783K [0x000000008cc00000, 0x0000000093e80000, 0x00000000d9980000)
  object space 117248K, 24% used [0x000000008cc00000,0x000000008e81bf48,0x0000000093e80000)
 Metaspace       used 42898K, capacity 43538K, committed 43904K, reserved 1087488K
  class space    used 5248K, capacity 5401K, committed 5504K, reserved 1048576K
}
Event: 17.402 GC heap before
{Heap before GC invocations=11 (full 2):
 PSYoungGen      total 93184K, used 93175K [0x00000000d9980000, 0x00000000e0b80000, 0x0000000100000000)
  eden space 77824K, 100% used [0x00000000d9980000,0x00000000de580000,0x00000000de580000)
  from space 15360K, 99% used [0x00000000df780000,0x00000000e067dc00,0x00000000e0680000)
  to   space 18432K, 0% used [0x00000000de580000,0x00000000de580000,0x00000000df780000)
 ParOldGen       total 117248K, used 28783K [0x000000008cc00000, 0x0000000093e80000, 0x00000000d9980000)
  object space 117248K, 24% used [0x000000008cc00000,0x000000008e81bf48,0x0000000093e80000)
 Metaspace       used 54949K, capacity 55948K, committed 56320K, reserved 1097728K
  class space    used 6798K, capacity 7066K, committed 7168K, reserved 1048576K
Event: 17.474 GC heap after
Heap after GC invocations=11 (full 2):
 PSYoungGen      total 96256K, used 18425K [0x00000000d9980000, 0x00000000e2800000, 0x0000000100000000)
  eden space 77824K, 0% used [0x00000000d9980000,0x00000000d9980000,0x00000000de580000)
  from space 18432K, 99% used [0x00000000de580000,0x00000000df77e7c0,0x00000000df780000)
  to   space 26112K, 0% used [0x00000000e0e80000,0x00000000e0e80000,0x00000000e2800000)
 ParOldGen       total 117248K, used 41777K [0x000000008cc00000, 0x0000000093e80000, 0x00000000d9980000)
  object space 117248K, 35% used [0x000000008cc00000,0x000000008f4cc618,0x0000000093e80000)
 Metaspace       used 54949K, capacity 55948K, committed 56320K, reserved 1097728K
  class space    used 6798K, capacity 7066K, committed 7168K, reserved 1048576K
}

