# JRE version: OpenJDK Runtime Environment (8.0_242-b01) (build 1.8.0_242-release-1644-b01)
# Java VM: OpenJDK 64-Bit Server VM (25.242-b01 mixed mode windows-amd64 compressed oops)
Heap:
 PSYoungGen      total 125440K, used 26915K [0x00000000d9980000, 0x00000000e3280000, 0x0000000100000000)
  eden space 120832K, 22% used [0x00000000d9980000,0x00000000db3c8f30,0x00000000e0f80000)
  from space 4608K, 0% used [0x00000000e0f80000,0x00000000e0f80000,0x00000000e1400000)
  to   space 16384K, 0% used [0x00000000e2280000,0x00000000e2280000,0x00000000e3280000)
 ParOldGen       total 113152K, used 20788K [0x000000008cc00000, 0x0000000093a80000, 0x00000000d9980000)
  object space 113152K, 18% used [0x000000008cc00000,0x000000008e04d060,0x0000000093a80000)
 Metaspace       used 36483K, capacity 37006K, committed 37288K, reserved 1081344K
  class space    used 4643K, capacity 4781K, committed 4864K, reserved 1048576K
GC Heap History (10 events):
Event: 2.728 GC heap before
{Heap before GC invocations=3 (full 0):
 PSYoungGen      total 65024K, used 30356K [0x00000000d9980000, 0x00000000ddd80000, 0x0000000100000000)
  eden space 60416K, 42% used [0x00000000d9980000,0x00000000db2a9160,0x00000000dd480000)
  from space 4608K, 99% used [0x00000000dd900000,0x00000000ddd7c010,0x00000000ddd80000)
  to   space 4608K, 0% used [0x00000000dd480000,0x00000000dd480000,0x00000000dd900000)
 ParOldGen       total 79360K, used 7082K [0x000000008cc00000, 0x0000000091980000, 0x00000000d9980000)
  object space 79360K, 8% used [0x000000008cc00000,0x000000008d2ea8f0,0x0000000091980000)
 Metaspace       used 20762K, capacity 21170K, committed 21296K, reserved 1069056K
  class space    used 2478K, capacity 2628K, committed 2688K, reserved 1048576K
Event: 2.747 GC heap after
Heap after GC invocations=3 (full 0):
 PSYoungGen      total 65024K, used 4592K [0x00000000d9980000, 0x00000000e1880000, 0x0000000100000000)
  eden space 60416K, 0% used [0x00000000d9980000,0x00000000d9980000,0x00000000dd480000)
  from space 4608K, 99% used [0x00000000dd480000,0x00000000dd8fc020,0x00000000dd900000)
  to   space 4608K, 0% used [0x00000000e1400000,0x00000000e1400000,0x00000000e1880000)
 ParOldGen       total 79360K, used 12480K [0x000000008cc00000, 0x0000000091980000, 0x00000000d9980000)
  object space 79360K, 15% used [0x000000008cc00000,0x000000008d830180,0x0000000091980000)
 Metaspace       used 20762K, capacity 21170K, committed 21296K, reserved 1069056K
  class space    used 2478K, capacity 2628K, committed 2688K, reserved 1048576K
}
Event: 2.747 GC heap before
{Heap before GC invocations=4 (full 1):
 PSYoungGen      total 65024K, used 4592K [0x00000000d9980000, 0x00000000e1880000, 0x0000000100000000)
  eden space 60416K, 0% used [0x00000000d9980000,0x00000000d9980000,0x00000000dd480000)
  from space 4608K, 99% used [0x00000000dd480000,0x00000000dd8fc020,0x00000000dd900000)
  to   space 4608K, 0% used [0x00000000e1400000,0x00000000e1400000,0x00000000e1880000)
 ParOldGen       total 79360K, used 12480K [0x000000008cc00000, 0x0000000091980000, 0x00000000d9980000)
  object space 79360K, 15% used [0x000000008cc00000,0x000000008d830180,0x0000000091980000)
 Metaspace       used 20762K, capacity 21170K, committed 21296K, reserved 1069056K
  class space    used 2478K, capacity 2628K, committed 2688K, reserved 1048576K
Event: 2.817 GC heap after
Heap after GC invocations=4 (full 1):
 PSYoungGen      total 65024K, used 0K [0x00000000d9980000, 0x00000000e1880000, 0x0000000100000000)
  eden space 60416K, 0% used [0x00000000d9980000,0x00000000d9980000,0x00000000dd480000)
  from space 4608K, 0% used [0x00000000dd480000,0x00000000dd480000,0x00000000dd900000)
  to   space 4608K, 0% used [0x00000000e1400000,0x00000000e1400000,0x00000000e1880000)
 ParOldGen       total 64512K, used 9948K [0x000000008cc00000, 0x0000000090b00000, 0x00000000d9980000)
  object space 64512K, 15% used [0x000000008cc00000,0x000000008d5b7030,0x0000000090b00000)
 Metaspace       used 20762K, capacity 21170K, committed 21296K, reserved 1069056K
  class space    used 2478K, capacity 2628K, committed 2688K, reserved 1048576K
}
Event: 4.356 GC heap before
{Heap before GC invocations=5 (full 1):
 PSYoungGen      total 65024K, used 60416K [0x00000000d9980000, 0x00000000e1880000, 0x0000000100000000)
  eden space 60416K, 100% used [0x00000000d9980000,0x00000000dd480000,0x00000000dd480000)
  from space 4608K, 0% used [0x00000000dd480000,0x00000000dd480000,0x00000000dd900000)
  to   space 4608K, 0% used [0x00000000e1400000,0x00000000e1400000,0x00000000e1880000)
 ParOldGen       total 64512K, used 9948K [0x000000008cc00000, 0x0000000090b00000, 0x00000000d9980000)
  object space 64512K, 15% used [0x000000008cc00000,0x000000008d5b7030,0x0000000090b00000)
 Metaspace       used 28177K, capacity 28652K, committed 29056K, reserved 1075200K
  class space    used 3450K, capacity 3595K, committed 3712K, reserved 1048576K
Event: 4.382 GC heap after
Heap after GC invocations=5 (full 1):
 PSYoungGen      total 91136K, used 4578K [0x00000000d9980000, 0x00000000e1880000, 0x0000000100000000)
  eden space 86528K, 0% used [0x00000000d9980000,0x00000000d9980000,0x00000000dee00000)
  from space 4608K, 99% used [0x00000000e1400000,0x00000000e1878880,0x00000000e1880000)
  to   space 4608K, 0% used [0x00000000e0f80000,0x00000000e0f80000,0x00000000e1400000)
 ParOldGen       total 64512K, used 19864K [0x000000008cc00000, 0x0000000090b00000, 0x00000000d9980000)
  object space 64512K, 30% used [0x000000008cc00000,0x000000008df66168,0x0000000090b00000)
 Metaspace       used 28177K, capacity 28652K, committed 29056K, reserved 1075200K
  class space    used 3450K, capacity 3595K, committed 3712K, reserved 1048576K
}
Event: 5.511 GC heap before
{Heap before GC invocations=6 (full 1):
 PSYoungGen      total 91136K, used 39457K [0x00000000d9980000, 0x00000000e1880000, 0x0000000100000000)
  eden space 86528K, 40% used [0x00000000d9980000,0x00000000dbb8fdd8,0x00000000dee00000)
  from space 4608K, 99% used [0x00000000e1400000,0x00000000e1878880,0x00000000e1880000)
  to   space 4608K, 0% used [0x00000000e0f80000,0x00000000e0f80000,0x00000000e1400000)
 ParOldGen       total 64512K, used 19864K [0x000000008cc00000, 0x0000000090b00000, 0x00000000d9980000)
  object space 64512K, 30% used [0x000000008cc00000,0x000000008df66168,0x0000000090b00000)
 Metaspace       used 34793K, capacity 35330K, committed 35496K, reserved 1081344K
  class space    used 4438K, capacity 4585K, committed 4608K, reserved 1048576K
Event: 5.532 GC heap after
Heap after GC invocations=6 (full 1):
 PSYoungGen      total 125440K, used 4588K [0x00000000d9980000, 0x00000000e3280000, 0x0000000100000000)
  eden space 120832K, 0% used [0x00000000d9980000,0x00000000d9980000,0x00000000e0f80000)
  from space 4608K, 99% used [0x00000000e0f80000,0x00000000e13fb130,0x00000000e1400000)
  to   space 16384K, 0% used [0x00000000e2280000,0x00000000e2280000,0x00000000e3280000)
 ParOldGen       total 64512K, used 28619K [0x000000008cc00000, 0x0000000090b00000, 0x00000000d9980000)
  object space 64512K, 44% used [0x000000008cc00000,0x000000008e7f2f98,0x0000000090b00000)
 Metaspace       used 34793K, capacity 35330K, committed 35496K, reserved 1081344K
  class space    used 4438K, capacity 4585K, committed 4608K, reserved 1048576K
}
Event: 5.532 GC heap before
{Heap before GC invocations=7 (full 2):
 PSYoungGen      total 125440K, used 4588K [0x00000000d9980000, 0x00000000e3280000, 0x0000000100000000)
  eden space 120832K, 0% used [0x00000000d9980000,0x00000000d9980000,0x00000000e0f80000)
  from space 4608K, 99% used [0x00000000e0f80000,0x00000000e13fb130,0x00000000e1400000)
  to   space 16384K, 0% used [0x00000000e2280000,0x00000000e2280000,0x00000000e3280000)
 ParOldGen       total 64512K, used 28619K [0x000000008cc00000, 0x0000000090b00000, 0x00000000d9980000)
  object space 64512K, 44% used [0x000000008cc00000,0x000000008e7f2f98,0x0000000090b00000)
 Metaspace       used 34793K, capacity 35330K, committed 35496K, reserved 1081344K
  class space    used 4438K, capacity 4585K, committed 4608K, reserved 1048576K
Event: 5.692 GC heap after
Heap after GC invocations=7 (full 2):
 PSYoungGen      total 125440K, used 0K [0x00000000d9980000, 0x00000000e3280000, 0x0000000100000000)
  eden space 120832K, 0% used [0x00000000d9980000,0x00000000d9980000,0x00000000e0f80000)
  from space 4608K, 0% used [0x00000000e0f80000,0x00000000e0f80000,0x00000000e1400000)
  to   space 16384K, 0% used [0x00000000e2280000,0x00000000e2280000,0x00000000e3280000)
 ParOldGen       total 113152K, used 20788K [0x000000008cc00000, 0x0000000093a80000, 0x00000000d9980000)
  object space 113152K, 18% used [0x000000008cc00000,0x000000008e04d060,0x0000000093a80000)
 Metaspace       used 34793K, capacity 35330K, committed 35496K, reserved 1081344K
  class space    used 4438K, capacity 4585K, committed 4608K, reserved 1048576K
}

