# JRE version: OpenJDK Runtime Environment (8.0_242-b01) (build 1.8.0_242-release-1644-b01)
# Java VM: OpenJDK 64-Bit Server VM (25.242-b01 mixed mode windows-amd64 compressed oops)
Heap:
 PSYoungGen      total 125440K, used 29375K [0x00000000d9980000, 0x00000000e3700000, 0x0000000100000000)
  eden space 120832K, 24% used [0x00000000d9980000,0x00000000db62fe48,0x00000000e0f80000)
  from space 4608K, 0% used [0x00000000e0f80000,0x00000000e0f80000,0x00000000e1400000)
  to   space 16384K, 0% used [0x00000000e2700000,0x00000000e2700000,0x00000000e3700000)
 ParOldGen       total 110592K, used 20713K [0x000000008cc00000, 0x0000000093800000, 0x00000000d9980000)
  object space 110592K, 18% used [0x000000008cc00000,0x000000008e03a680,0x0000000093800000)
 Metaspace       used 36543K, capacity 37070K, committed 37288K, reserved 1081344K
  class space    used 4644K, capacity 4781K, committed 4864K, reserved 1048576K
GC Heap History (10 events):
Event: 2.734 GC heap before
{Heap before GC invocations=3 (full 0):
 PSYoungGen      total 65024K, used 29181K [0x00000000d9980000, 0x00000000ddd80000, 0x0000000100000000)
  eden space 60416K, 40% used [0x00000000d9980000,0x00000000db17f6a8,0x00000000dd480000)
  from space 4608K, 100% used [0x00000000dd900000,0x00000000ddd80000,0x00000000ddd80000)
  to   space 4608K, 0% used [0x00000000dd480000,0x00000000dd480000,0x00000000dd900000)
 ParOldGen       total 79360K, used 7076K [0x000000008cc00000, 0x0000000091980000, 0x00000000d9980000)
  object space 79360K, 8% used [0x000000008cc00000,0x000000008d2e9268,0x0000000091980000)
 Metaspace       used 20755K, capacity 21174K, committed 21296K, reserved 1069056K
  class space    used 2473K, capacity 2628K, committed 2688K, reserved 1048576K
Event: 2.753 GC heap after
Heap after GC invocations=3 (full 0):
 PSYoungGen      total 65024K, used 4576K [0x00000000d9980000, 0x00000000e1880000, 0x0000000100000000)
  eden space 60416K, 0% used [0x00000000d9980000,0x00000000d9980000,0x00000000dd480000)
  from space 4608K, 99% used [0x00000000dd480000,0x00000000dd8f8020,0x00000000dd900000)
  to   space 4608K, 0% used [0x00000000e1400000,0x00000000e1400000,0x00000000e1880000)
 ParOldGen       total 79360K, used 12431K [0x000000008cc00000, 0x0000000091980000, 0x00000000d9980000)
  object space 79360K, 15% used [0x000000008cc00000,0x000000008d823c78,0x0000000091980000)
 Metaspace       used 20755K, capacity 21174K, committed 21296K, reserved 1069056K
  class space    used 2473K, capacity 2628K, committed 2688K, reserved 1048576K
}
Event: 2.753 GC heap before
{Heap before GC invocations=4 (full 1):
 PSYoungGen      total 65024K, used 4576K [0x00000000d9980000, 0x00000000e1880000, 0x0000000100000000)
  eden space 60416K, 0% used [0x00000000d9980000,0x00000000d9980000,0x00000000dd480000)
  from space 4608K, 99% used [0x00000000dd480000,0x00000000dd8f8020,0x00000000dd900000)
  to   space 4608K, 0% used [0x00000000e1400000,0x00000000e1400000,0x00000000e1880000)
 ParOldGen       total 79360K, used 12431K [0x000000008cc00000, 0x0000000091980000, 0x00000000d9980000)
  object space 79360K, 15% used [0x000000008cc00000,0x000000008d823c78,0x0000000091980000)
 Metaspace       used 20755K, capacity 21174K, committed 21296K, reserved 1069056K
  class space    used 2473K, capacity 2628K, committed 2688K, reserved 1048576K
Event: 2.824 GC heap after
Heap after GC invocations=4 (full 1):
 PSYoungGen      total 65024K, used 0K [0x00000000d9980000, 0x00000000e1880000, 0x0000000100000000)
  eden space 60416K, 0% used [0x00000000d9980000,0x00000000d9980000,0x00000000dd480000)
  from space 4608K, 0% used [0x00000000dd480000,0x00000000dd480000,0x00000000dd900000)
  to   space 4608K, 0% used [0x00000000e1400000,0x00000000e1400000,0x00000000e1880000)
 ParOldGen       total 64000K, used 9905K [0x000000008cc00000, 0x0000000090a80000, 0x00000000d9980000)
  object space 64000K, 15% used [0x000000008cc00000,0x000000008d5ac7b0,0x0000000090a80000)
 Metaspace       used 20755K, capacity 21174K, committed 21296K, reserved 1069056K
  class space    used 2473K, capacity 2628K, committed 2688K, reserved 1048576K
}
Event: 4.451 GC heap before
{Heap before GC invocations=5 (full 1):
 PSYoungGen      total 65024K, used 60416K [0x00000000d9980000, 0x00000000e1880000, 0x0000000100000000)
  eden space 60416K, 100% used [0x00000000d9980000,0x00000000dd480000,0x00000000dd480000)
  from space 4608K, 0% used [0x00000000dd480000,0x00000000dd480000,0x00000000dd900000)
  to   space 4608K, 0% used [0x00000000e1400000,0x00000000e1400000,0x00000000e1880000)
 ParOldGen       total 64000K, used 9905K [0x000000008cc00000, 0x0000000090a80000, 0x00000000d9980000)
  object space 64000K, 15% used [0x000000008cc00000,0x000000008d5ac7b0,0x0000000090a80000)
 Metaspace       used 28280K, capacity 28717K, committed 29056K, reserved 1075200K
  class space    used 3451K, capacity 3595K, committed 3712K, reserved 1048576K
Event: 4.496 GC heap after
Heap after GC invocations=5 (full 1):
 PSYoungGen      total 93184K, used 4578K [0x00000000d9980000, 0x00000000e1880000, 0x0000000100000000)
  eden space 88576K, 0% used [0x00000000d9980000,0x00000000d9980000,0x00000000df000000)
  from space 4608K, 99% used [0x00000000e1400000,0x00000000e1878880,0x00000000e1880000)
  to   space 4608K, 0% used [0x00000000e0f80000,0x00000000e0f80000,0x00000000e1400000)
 ParOldGen       total 64000K, used 19807K [0x000000008cc00000, 0x0000000090a80000, 0x00000000d9980000)
  object space 64000K, 30% used [0x000000008cc00000,0x000000008df57d40,0x0000000090a80000)
 Metaspace       used 28280K, capacity 28717K, committed 29056K, reserved 1075200K
  class space    used 3451K, capacity 3595K, committed 3712K, reserved 1048576K
}
Event: 5.760 GC heap before
{Heap before GC invocations=6 (full 1):
 PSYoungGen      total 93184K, used 39968K [0x00000000d9980000, 0x00000000e1880000, 0x0000000100000000)
  eden space 88576K, 39% used [0x00000000d9980000,0x00000000dbc0fb10,0x00000000df000000)
  from space 4608K, 99% used [0x00000000e1400000,0x00000000e1878880,0x00000000e1880000)
  to   space 4608K, 0% used [0x00000000e0f80000,0x00000000e0f80000,0x00000000e1400000)
 ParOldGen       total 64000K, used 19807K [0x000000008cc00000, 0x0000000090a80000, 0x00000000d9980000)
  object space 64000K, 30% used [0x000000008cc00000,0x000000008df57d40,0x0000000090a80000)
 Metaspace       used 34787K, capacity 35330K, committed 35496K, reserved 1081344K
  class space    used 4432K, capacity 4585K, committed 4608K, reserved 1048576K
Event: 5.782 GC heap after
Heap after GC invocations=6 (full 1):
 PSYoungGen      total 125440K, used 4588K [0x00000000d9980000, 0x00000000e3700000, 0x0000000100000000)
  eden space 120832K, 0% used [0x00000000d9980000,0x00000000d9980000,0x00000000e0f80000)
  from space 4608K, 99% used [0x00000000e0f80000,0x00000000e13fb120,0x00000000e1400000)
  to   space 16384K, 0% used [0x00000000e2700000,0x00000000e2700000,0x00000000e3700000)
 ParOldGen       total 64000K, used 28537K [0x000000008cc00000, 0x0000000090a80000, 0x00000000d9980000)
  object space 64000K, 44% used [0x000000008cc00000,0x000000008e7de4f8,0x0000000090a80000)
 Metaspace       used 34787K, capacity 35330K, committed 35496K, reserved 1081344K
  class space    used 4432K, capacity 4585K, committed 4608K, reserved 1048576K
}
Event: 5.782 GC heap before
{Heap before GC invocations=7 (full 2):
 PSYoungGen      total 125440K, used 4588K [0x00000000d9980000, 0x00000000e3700000, 0x0000000100000000)
  eden space 120832K, 0% used [0x00000000d9980000,0x00000000d9980000,0x00000000e0f80000)
  from space 4608K, 99% used [0x00000000e0f80000,0x00000000e13fb120,0x00000000e1400000)
  to   space 16384K, 0% used [0x00000000e2700000,0x00000000e2700000,0x00000000e3700000)
 ParOldGen       total 64000K, used 28537K [0x000000008cc00000, 0x0000000090a80000, 0x00000000d9980000)
  object space 64000K, 44% used [0x000000008cc00000,0x000000008e7de4f8,0x0000000090a80000)
 Metaspace       used 34787K, capacity 35330K, committed 35496K, reserved 1081344K
  class space    used 4432K, capacity 4585K, committed 4608K, reserved 1048576K
Event: 5.916 GC heap after
Heap after GC invocations=7 (full 2):
 PSYoungGen      total 125440K, used 0K [0x00000000d9980000, 0x00000000e3700000, 0x0000000100000000)
  eden space 120832K, 0% used [0x00000000d9980000,0x00000000d9980000,0x00000000e0f80000)
  from space 4608K, 0% used [0x00000000e0f80000,0x00000000e0f80000,0x00000000e1400000)
  to   space 16384K, 0% used [0x00000000e2700000,0x00000000e2700000,0x00000000e3700000)
 ParOldGen       total 110592K, used 20713K [0x000000008cc00000, 0x0000000093800000, 0x00000000d9980000)
  object space 110592K, 18% used [0x000000008cc00000,0x000000008e03a680,0x0000000093800000)
 Metaspace       used 34787K, capacity 35330K, committed 35496K, reserved 1081344K
  class space    used 4432K, capacity 4585K, committed 4608K, reserved 1048576K
}

