# JRE version: OpenJDK Runtime Environment (8.0_242-b01) (build 1.8.0_242-release-1644-b01)
# Java VM: OpenJDK 64-Bit Server VM (25.242-b01 mixed mode windows-amd64 compressed oops)
Heap:
 PSYoungGen      total 91648K, used 41806K [0x00000000d9980000, 0x00000000e1880000, 0x0000000100000000)
  eden space 87040K, 48% used [0x00000000d9980000,0x00000000dc253b38,0x00000000dee80000)
  from space 4608K, 0% used [0x00000000e0f80000,0x00000000e0f80000,0x00000000e1400000)
  to   space 4608K, 0% used [0x00000000e1400000,0x00000000e1400000,0x00000000e1880000)
 ParOldGen       total 63488K, used 20765K [0x000000008cc00000, 0x0000000090a00000, 0x00000000d9980000)
  object space 63488K, 32% used [0x000000008cc00000,0x000000008e047480,0x0000000090a00000)
 Metaspace       used 37223K, capacity 37726K, committed 38144K, reserved 1083392K
  class space    used 4718K, capacity 4849K, committed 4864K, reserved 1048576K
GC Heap History (10 events):
Event: 2.799 GC heap before
{Heap before GC invocations=3 (full 0):
 PSYoungGen      total 65024K, used 29171K [0x00000000d9980000, 0x00000000ddd80000, 0x0000000100000000)
  eden space 60416K, 40% used [0x00000000d9980000,0x00000000db180d00,0x00000000dd480000)
  from space 4608K, 99% used [0x00000000dd900000,0x00000000ddd7c010,0x00000000ddd80000)
  to   space 4608K, 0% used [0x00000000dd480000,0x00000000dd480000,0x00000000dd900000)
 ParOldGen       total 79360K, used 7103K [0x000000008cc00000, 0x0000000091980000, 0x00000000d9980000)
  object space 79360K, 8% used [0x000000008cc00000,0x000000008d2efe50,0x0000000091980000)
 Metaspace       used 20784K, capacity 21174K, committed 21296K, reserved 1069056K
  class space    used 2474K, capacity 2628K, committed 2688K, reserved 1048576K
Event: 2.818 GC heap after
Heap after GC invocations=3 (full 0):
 PSYoungGen      total 65024K, used 4592K [0x00000000d9980000, 0x00000000e1880000, 0x0000000100000000)
  eden space 60416K, 0% used [0x00000000d9980000,0x00000000d9980000,0x00000000dd480000)
  from space 4608K, 99% used [0x00000000dd480000,0x00000000dd8fc020,0x00000000dd900000)
  to   space 4608K, 0% used [0x00000000e1400000,0x00000000e1400000,0x00000000e1880000)
 ParOldGen       total 79360K, used 12461K [0x000000008cc00000, 0x0000000091980000, 0x00000000d9980000)
  object space 79360K, 15% used [0x000000008cc00000,0x000000008d82b798,0x0000000091980000)
 Metaspace       used 20784K, capacity 21174K, committed 21296K, reserved 1069056K
  class space    used 2474K, capacity 2628K, committed 2688K, reserved 1048576K
}
Event: 2.818 GC heap before
{Heap before GC invocations=4 (full 1):
 PSYoungGen      total 65024K, used 4592K [0x00000000d9980000, 0x00000000e1880000, 0x0000000100000000)
  eden space 60416K, 0% used [0x00000000d9980000,0x00000000d9980000,0x00000000dd480000)
  from space 4608K, 99% used [0x00000000dd480000,0x00000000dd8fc020,0x00000000dd900000)
  to   space 4608K, 0% used [0x00000000e1400000,0x00000000e1400000,0x00000000e1880000)
 ParOldGen       total 79360K, used 12461K [0x000000008cc00000, 0x0000000091980000, 0x00000000d9980000)
  object space 79360K, 15% used [0x000000008cc00000,0x000000008d82b798,0x0000000091980000)
 Metaspace       used 20784K, capacity 21174K, committed 21296K, reserved 1069056K
  class space    used 2474K, capacity 2628K, committed 2688K, reserved 1048576K
Event: 2.891 GC heap after
Heap after GC invocations=4 (full 1):
 PSYoungGen      total 65024K, used 0K [0x00000000d9980000, 0x00000000e1880000, 0x0000000100000000)
  eden space 60416K, 0% used [0x00000000d9980000,0x00000000d9980000,0x00000000dd480000)
  from space 4608K, 0% used [0x00000000dd480000,0x00000000dd480000,0x00000000dd900000)
  to   space 4608K, 0% used [0x00000000e1400000,0x00000000e1400000,0x00000000e1880000)
 ParOldGen       total 63488K, used 9936K [0x000000008cc00000, 0x0000000090a00000, 0x00000000d9980000)
  object space 63488K, 15% used [0x000000008cc00000,0x000000008d5b4038,0x0000000090a00000)
 Metaspace       used 20784K, capacity 21174K, committed 21296K, reserved 1069056K
  class space    used 2474K, capacity 2628K, committed 2688K, reserved 1048576K
}
Event: 4.442 GC heap before
{Heap before GC invocations=5 (full 1):
 PSYoungGen      total 65024K, used 60416K [0x00000000d9980000, 0x00000000e1880000, 0x0000000100000000)
  eden space 60416K, 100% used [0x00000000d9980000,0x00000000dd480000,0x00000000dd480000)
  from space 4608K, 0% used [0x00000000dd480000,0x00000000dd480000,0x00000000dd900000)
  to   space 4608K, 0% used [0x00000000e1400000,0x00000000e1400000,0x00000000e1880000)
 ParOldGen       total 63488K, used 9936K [0x000000008cc00000, 0x0000000090a00000, 0x00000000d9980000)
  object space 63488K, 15% used [0x000000008cc00000,0x000000008d5b4038,0x0000000090a00000)
 Metaspace       used 28295K, capacity 28717K, committed 29056K, reserved 1075200K
  class space    used 3460K, capacity 3595K, committed 3712K, reserved 1048576K
Event: 4.472 GC heap after
Heap after GC invocations=5 (full 1):
 PSYoungGen      total 91648K, used 4579K [0x00000000d9980000, 0x00000000e1880000, 0x0000000100000000)
  eden space 87040K, 0% used [0x00000000d9980000,0x00000000d9980000,0x00000000dee80000)
  from space 4608K, 99% used [0x00000000e1400000,0x00000000e1878c70,0x00000000e1880000)
  to   space 4608K, 0% used [0x00000000e0f80000,0x00000000e0f80000,0x00000000e1400000)
 ParOldGen       total 63488K, used 19824K [0x000000008cc00000, 0x0000000090a00000, 0x00000000d9980000)
  object space 63488K, 31% used [0x000000008cc00000,0x000000008df5c060,0x0000000090a00000)
 Metaspace       used 28295K, capacity 28717K, committed 29056K, reserved 1075200K
  class space    used 3460K, capacity 3595K, committed 3712K, reserved 1048576K
}
Event: 5.690 GC heap before
{Heap before GC invocations=6 (full 1):
 PSYoungGen      total 91648K, used 41337K [0x00000000d9980000, 0x00000000e1880000, 0x0000000100000000)
  eden space 87040K, 42% used [0x00000000d9980000,0x00000000dbd659f8,0x00000000dee80000)
  from space 4608K, 99% used [0x00000000e1400000,0x00000000e1878c70,0x00000000e1880000)
  to   space 4608K, 0% used [0x00000000e0f80000,0x00000000e0f80000,0x00000000e1400000)
 ParOldGen       total 63488K, used 19824K [0x000000008cc00000, 0x0000000090a00000, 0x00000000d9980000)
  object space 63488K, 31% used [0x000000008cc00000,0x000000008df5c060,0x0000000090a00000)
 Metaspace       used 34806K, capacity 35330K, committed 35496K, reserved 1081344K
  class space    used 4436K, capacity 4585K, committed 4608K, reserved 1048576K
Event: 5.709 GC heap after
Heap after GC invocations=6 (full 1):
 PSYoungGen      total 91648K, used 4588K [0x00000000d9980000, 0x00000000e1880000, 0x0000000100000000)
  eden space 87040K, 0% used [0x00000000d9980000,0x00000000d9980000,0x00000000dee80000)
  from space 4608K, 99% used [0x00000000e0f80000,0x00000000e13fb130,0x00000000e1400000)
  to   space 4608K, 0% used [0x00000000e1400000,0x00000000e1400000,0x00000000e1880000)
 ParOldGen       total 63488K, used 28627K [0x000000008cc00000, 0x0000000090a00000, 0x00000000d9980000)
  object space 63488K, 45% used [0x000000008cc00000,0x000000008e7f4d98,0x0000000090a00000)
 Metaspace       used 34806K, capacity 35330K, committed 35496K, reserved 1081344K
  class space    used 4436K, capacity 4585K, committed 4608K, reserved 1048576K
}
Event: 5.709 GC heap before
{Heap before GC invocations=7 (full 2):
 PSYoungGen      total 91648K, used 4588K [0x00000000d9980000, 0x00000000e1880000, 0x0000000100000000)
  eden space 87040K, 0% used [0x00000000d9980000,0x00000000d9980000,0x00000000dee80000)
  from space 4608K, 99% used [0x00000000e0f80000,0x00000000e13fb130,0x00000000e1400000)
  to   space 4608K, 0% used [0x00000000e1400000,0x00000000e1400000,0x00000000e1880000)
 ParOldGen       total 63488K, used 28627K [0x000000008cc00000, 0x0000000090a00000, 0x00000000d9980000)
  object space 63488K, 45% used [0x000000008cc00000,0x000000008e7f4d98,0x0000000090a00000)
 Metaspace       used 34806K, capacity 35330K, committed 35496K, reserved 1081344K
  class space    used 4436K, capacity 4585K, committed 4608K, reserved 1048576K
Event: 5.875 GC heap after
Heap after GC invocations=7 (full 2):
 PSYoungGen      total 91648K, used 0K [0x00000000d9980000, 0x00000000e1880000, 0x0000000100000000)
  eden space 87040K, 0% used [0x00000000d9980000,0x00000000d9980000,0x00000000dee80000)
  from space 4608K, 0% used [0x00000000e0f80000,0x00000000e0f80000,0x00000000e1400000)
  to   space 4608K, 0% used [0x00000000e1400000,0x00000000e1400000,0x00000000e1880000)
 ParOldGen       total 63488K, used 20765K [0x000000008cc00000, 0x0000000090a00000, 0x00000000d9980000)
  object space 63488K, 32% used [0x000000008cc00000,0x000000008e047480,0x0000000090a00000)
 Metaspace       used 34806K, capacity 35330K, committed 35496K, reserved 1081344K
  class space    used 4436K, capacity 4585K, committed 4608K, reserved 1048576K
}

